build/app/outputs/mapping/release/seeds.txt
com.example.p42.MainActivity
com.example.p42.MainActivity: MainActivity()
...
com.google.android.gms.internal.mlkit_vision_barcode_bundled.zzdy: com.google.android.gms.internal.mlkit_vision_barcode_bundled.zzdy zzw
com.google.android.gms.internal.mlkit_vision_barcode_bundled.zzak: java.lang.String zzf
io.flutter.view.AccessibilityBridge$Flag: io.flutter.view.AccessibilityBridge$Flag IS_MULTILINE
kotlinx.coroutines.channels.BufferedChannel: java.lang.Object bufferEndSegment
com.google.android.gms.internal.mlkit_vision_barcode_bundled.zzr: com.google.android.gms.internal.mlkit_vision_barcode_bundled.zzr zzD
com.google.android.gms.internal.mlkit_vision_barcode.zzrc: com.google.android.gms.internal.mlkit_vision_barcode.zzrc zzcc
io.grpc.okhttp.internal.framed.ErrorCode: io.grpc.okhttp.internal.framed.ErrorCode PROTOCOL_ERROR
com.google.android.gms.internal.mlkit_vision_barcode_bundled.zzr: com.google.android.gms.internal.mlkit_vision_barcode_bundled.zzr zzcJ
com.google.android.gms.internal.mlkit_vision_barcode_bundled.zzdy: com.google.android.gms.internal.mlkit_vision_barcode_bundled.zzdy zzQ
com.google.android.gms.internal.mlkit_vision_barcode_bundled.zzhk: com.google.android.gms.internal.mlkit_vision_barcode_bundled.zzjd zzh
com.google.android.gms.internal.mlkit_vision_barcode_bundled.zzr: com.google.android.gms.internal.mlkit_vision_barcode_bundled.zzr zzlK
com.google.android.gms.internal.mlkit_vision_barcode.zzrc: com.google.android.gms.internal.mlkit_vision_barcode.zzrc zzdJ
com.google.android.gms.internal.mlkit_vision_barcode.zzrc: com.google.android.gms.internal.mlkit_vision_barcode.zzrc zzdO
com.google.barhopper.deeplearning.BarhopperV3Options: com.google.barhopper.deeplearning.zzac zzf
kotlinx.coroutines.scheduling.WorkQueue: int consumerIndex
com.google.android.gms.internal.mlkit_vision_barcode.zzxz: android.os.Parcelable$Creator CREATOR
io.grpc.okhttp.internal.framed.HeadersMode: io.grpc.okhttp.internal.framed.HeadersMode SPDY_HEADERS
io.flutter.view.AccessibilityBridge$Flag: io.flutter.view.AccessibilityBridge$Flag IS_FOCUSABLE
com.google.android.gms.internal.mlkit_vision_barcode_bundled.zzr: com.google.android.gms.internal.mlkit_vision_barcode_bundled.zzr zzeF
com.google.android.gms.internal.mlkit_vision_barcode.zzrb: com.google.android.gms.internal.mlkit_vision_barcode.zzrb zzG
com.google.photos.vision.barhopper.zzn: java.lang.String zzh
com.google.android.gms.internal.mlkit_vision_barcode_bundled.zzdy: com.google.android.gms.internal.mlkit_vision_barcode_bundled.zzdy zzm
com.google.barhopper.deeplearning.zzw: com.google.android.gms.internal.mlkit_vision_barcode_bundled.zzhk zzf
io.flutter.view.AccessibilityBridge$Flag: io.flutter.view.AccessibilityBridge$Flag IS_EXPANDED
com.google.android.gms.internal.mlkit_vision_barcode_bundled.zzes: com.google.android.gms.internal.mlkit_vision_barcode_bundled.zzes zzf
com.google.android.gms.internal.mlkit_vision_barcode.zzrb: com.google.android.gms.internal.mlkit_vision_barcode.zzrb zzb
com.google.android.gms.internal.mlkit_vision_barcode_bundled.zzjs: com.google.android.gms.internal.mlkit_vision_barcode_bundled.zzjs zzb
com.google.mlkit.common.sdkinternal.zzh: com.google.mlkit.common.sdkinternal.zzh zza
io.flutter.plugins.pathprovider.Messages$StorageDirectory: io.flutter.plugins.pathprovider.Messages$StorageDirectory MOVIES
com.google.android.gms.internal.mlkit_vision_barcode_bundled.zzr: com.google.android.gms.internal.mlkit_vision_barcode_bundled.zzr zzdS
com.google.android.gms.internal.mlkit_vision_barcode.zzrb: com.google.android.gms.internal.mlkit_vision_barcode.zzrb zzI
com.google.firestore.v1.Write: com.google.protobuf.Internal$ProtobufList updateTransforms_
com.google.android.gms.internal.mlkit_vision_barcode.zzan: android.os.Parcelable$Creator CREATOR
io.flutter.plugin.platform.SingleViewPresentation: android.widget.FrameLayout container
io.flutter.view.AccessibilityViewEmbedder: io.flutter.view.AccessibilityViewEmbedder$ReflectionAccessors reflectionAccessors