build/app/outputs/mapping/release/usage.txt
com.example.p42.R$drawable
com.example.p42.R$mipmap
com.example.p42.R$string
com.example.p42.R$style
com.example.p42.R
...
com.google.android.gms.common.moduleinstall.internal.zam
com.google.android.gms.common.moduleinstall.internal.zan
com.google.android.gms.common.moduleinstall.internal.zap
com.google.android.gms.common.moduleinstall.internal.zas
com.google.android.gms.common.moduleinstall.internal.zaw
com.google.android.gms.common.moduleinstall.internal.zax
com.google.android.gms.common.moduleinstall.internal.zay:
    public void <init>(android.app.Activity)
    public final varargs com.google.android.gms.tasks.Task deferredInstall(com.google.android.gms.common.api.OptionalModuleApi[])
    public final varargs com.google.android.gms.tasks.Task getInstallModulesIntent(com.google.android.gms.common.api.OptionalModuleApi[])
    public final varargs com.google.android.gms.tasks.Task releaseModules(com.google.android.gms.common.api.OptionalModuleApi[])
    public final com.google.android.gms.tasks.Task unregisterListener(com.google.android.gms.common.moduleinstall.InstallStatusListener)
com.google.android.gms.common.providers.PooledExecutorsProvider$PooledExecutorFactory
com.google.android.gms.common.providers.PooledExecutorsProvider
com.google.android.gms.common.providers.zza
com.google.android.gms.common.server.FavaDiagnosticsEntity
com.google.android.gms.common.server.converter.StringToIntConverter
com.google.android.gms.common.server.converter.zaa
com.google.android.gms.common.server.converter.zab
com.google.android.gms.common.server.converter.zac
com.google.android.gms.common.server.converter.zad
com.google.android.gms.common.server.converter.zae
com.google.android.gms.common.server.response.FastJsonResponse$Field
com.google.android.gms.common.server.response.FastJsonResponse$FieldConverter
com.google.android.gms.common.server.response.FastJsonResponse
com.google.android.gms.common.server.response.FastParser$ParseException
com.google.android.gms.common.server.response.FastParser
com.google.android.gms.common.server.response.FastSafeParcelableJsonResponse
com.google.android.gms.common.server.response.SafeParcelResponse
com.google.android.gms.common.server.response.zaa
com.google.android.gms.common.server.response.zab
com.google.android.gms.common.server.response.zac
com.google.android.gms.common.server.response.zad
com.google.android.gms.common.server.response.zae
com.google.android.gms.common.server.response.zaf
com.google.android.gms.common.server.response.zag
com.google.android.gms.common.server.response.zah
com.google.android.gms.common.server.response.zai
com.google.android.gms.common.server.response.zaj
com.google.android.gms.common.server.response.zak
com.google.android.gms.common.server.response.zal
com.google.android.gms.common.server.response.zam
com.google.android.gms.common.server.response.zan
com.google.android.gms.common.server.response.zao
com.google.android.gms.common.server.response.zap
com.google.android.gms.common.server.response.zaq
com.google.android.gms.common.server.zaa
com.google.android.gms.common.sqlite.CursorWrapper
com.google.android.gms.common.stats.ConnectionTracker:
    public boolean bindService(android.content.Context,android.content.Intent,android.content.ServiceConnection,int)
    public void unbindServiceSafe(android.content.Context,android.content.ServiceConnection)
com.google.android.gms.common.stats.LoggingConstants
com.google.android.gms.common.stats.StatsEvent$Types
com.google.android.gms.common.stats.StatsEvent
com.google.android.gms.common.stats.StatsUtils
com.google.android.gms.common.stats.WakeLockEvent
com.google.android.gms.common.stats.WakeLockTracker
com.google.android.gms.common.stats.zza
com.google.android.gms.common.util.AndroidUtilsLight